<?xml version="1.0" encoding="UTF-8"?>
<!-- Generated by org.testng.reporters.JUnitXMLReporter -->
<testsuite ignored="0" hostname="dell7510" failures="0" tests="3" name="Chrome - test_calc" time="22.161" errors="0" timestamp="2025-05-18T13:43:45 EEST">
  <testcase classname="test.test_calc" name="testAddition" time="1.496"/>
  <testcase classname="test.test_calc" name="testMultiplication" time="1.381"/>
  <testcase classname="test.test_calc" name="testSubtraction" time="1.564"/>
</testsuite> <!-- Chrome - test_calc -->
