<?xml version="1.0" encoding="UTF-8"?>
<!-- Generated by org.testng.reporters.JUnitXMLReporter -->
<testsuite ignored="0" hostname="dell7510" failures="0" tests="3" name="Firefox -test-calc" time="17.692" errors="0" timestamp="2025-05-18T13:44:03 EEST">
  <testcase classname="test.test_calc" name="testAddition" time="1.538"/>
  <testcase classname="test.test_calc" name="testMultiplication" time="1.383"/>
  <testcase classname="test.test_calc" name="testSubtraction" time="1.377"/>
</testsuite> <!-- Firefox -test-calc -->
